{'PATH_MOD': 'E:\\SEM-9\\Minor Project\\DiffSTG/output/model/', 'PATH_LOG': 'E:\\SEM-9\\Minor Project\\DiffSTG/output/log/', 'PATH_FORECAST': 'E:\\SEM-9\\Minor Project\\DiffSTG/output/forecast/', 'data': {'name': 'PM25', 'path': 'E:\\SEM-9\\Minor Project\\DiffSTG/data/dataset/', 'feature_file': 'E:\\SEM-9\\Minor Project\\DiffSTG/data/dataset/PM25/flow.npy', 'spatial': 'E:\\SEM-9\\Minor Project\\DiffSTG/data/dataset/PM25/adj.npy', 'num_recent': 1, 'num_features': 1, 'num_vertices': 19, 'points_per_hour': 1, 'val_start_idx': 120, 'test_start_idx': 160}, 'model': {'T_p': 12, 'T_h': 12, 'V': 19, 'F': 1, 'week_len': 7, 'day_len': 24, 'device': device(type='cpu'), 'd_h': 32, 'N': 200, 'sample_steps': 200, 'epsilon_theta': 'UGnet', 'is_label_condition': True, 'beta_end': 0.1, 'beta_schedule': 'quad', 'sample_strategy': 'ddpm', 'channel_multipliers': [1, 2], 'supports_len': 2, 'C': 32, 'n_channels': 32}, 'n_samples': 8, 'model_name': 'DiffSTG', 'is_test': True, 'epoch': 300, 'optimizer': 'adam', 'lr': 0.002, 'batch_size': 16, 'wd': 1e-05, 'early_stop': 10, 'start_epoch': 0, 'device': device(type='cpu'), 'logger': <utils.common_utils.Logger object at 0x000002AB01E27850>, 'nni': False, 'mask_ratio': 0.0, 'T_h': 12, 'T_p': 12, 'trial_name': 'UGnet+32+200+quad+0.1+200+ddpm+12+8+True+PM25+0.0+True+False+0.002+16', 'log_path': 'E:\\SEM-9\\Minor Project\\DiffSTG/output/log//UGnet+32+200+quad+0.1+200+ddpm+12+8+True+PM25+0.0+True+False+0.002+16.log'}
model path:E:\SEM-9\Minor Project\DiffSTG/output/model/UGnet+32+200+quad+0.1+200+ddpm+12+8+True+PM25+0.0+True+False+0.002+16N-200+T_h-12+T_p-12+epsilon_theta-UGnet.dm4stg
forecast_path:E:\SEM-9\Minor Project\DiffSTG/output/model/UGnet+32+200+quad+0.1+200+ddpm+12+8+True+PM25+0.0+True+False+0.002+16N-200+T_h-12+T_p-12+epsilon_theta-UGnet.dm4stg
DiffSTG(
  (eps_model): UGnet(
    (down): ModuleList(
      (0-1): 2 x DownBlock(
        (res): ResidualBlock(
          (tcn1): TcnBlock(
            (conv): Conv2d(32, 32, kernel_size=(3, 3), stride=(1, 1), padding=(1, 2))
            (chomp): Chomp()
            (drop): Dropout(p=0.0, inplace=False)
            (net): Sequential(
              (0): Conv2d(32, 32, kernel_size=(3, 3), stride=(1, 1), padding=(1, 2))
              (1): Chomp()
              (2): Dropout(p=0.0, inplace=False)
            )
          )
          (tcn2): TcnBlock(
            (conv): Conv2d(32, 32, kernel_size=(3, 3), stride=(1, 1), padding=(1, 2))
            (chomp): Chomp()
            (drop): Dropout(p=0.0, inplace=False)
            (net): Sequential(
              (0): Conv2d(32, 32, kernel_size=(3, 3), stride=(1, 1), padding=(1, 2))
              (1): Chomp()
              (2): Dropout(p=0.0, inplace=False)
            )
          )
          (shortcut): Identity()
          (t_conv): Conv2d(32, 32, kernel_size=(1, 1), stride=(1, 1))
          (spatial): SpatialBlock()
          (norm): LayerNorm((19, 32), eps=1e-05, elementwise_affine=True)
        )
      )
      (2): Downsample(
        (conv): Conv2d(32, 32, kernel_size=(1, 3), stride=(1, 2), padding=(0, 1))
      )
      (3): DownBlock(
        (res): ResidualBlock(
          (tcn1): TcnBlock(
            (conv): Conv2d(32, 64, kernel_size=(3, 3), stride=(1, 1), padding=(1, 2))
            (chomp): Chomp()
            (drop): Dropout(p=0.0, inplace=False)
            (net): Sequential(
              (0): Conv2d(32, 64, kernel_size=(3, 3), stride=(1, 1), padding=(1, 2))
              (1): Chomp()
              (2): Dropout(p=0.0, inplace=False)
            )
            (shortcut): Conv2d(32, 64, kernel_size=(1, 1), stride=(1, 1))
          )
          (tcn2): TcnBlock(
            (conv): Conv2d(64, 64, kernel_size=(3, 3), stride=(1, 1), padding=(1, 2))
            (chomp): Chomp()
            (drop): Dropout(p=0.0, inplace=False)
            (net): Sequential(
              (0): Conv2d(64, 64, kernel_size=(3, 3), stride=(1, 1), padding=(1, 2))
              (1): Chomp()
              (2): Dropout(p=0.0, inplace=False)
            )
          )
          (shortcut): Conv2d(32, 64, kernel_size=(1, 1), stride=(1, 1))
          (t_conv): Conv2d(32, 64, kernel_size=(1, 1), stride=(1, 1))
          (spatial): SpatialBlock()
          (norm): LayerNorm((19, 64), eps=1e-05, elementwise_affine=True)
        )
      )
      (4): DownBlock(
        (res): ResidualBlock(
          (tcn1): TcnBlock(
            (conv): Conv2d(64, 64, kernel_size=(3, 3), stride=(1, 1), padding=(1, 2))
            (chomp): Chomp()
            (drop): Dropout(p=0.0, inplace=False)
            (net): Sequential(
              (0): Conv2d(64, 64, kernel_size=(3, 3), stride=(1, 1), padding=(1, 2))
              (1): Chomp()
              (2): Dropout(p=0.0, inplace=False)
            )
          )
          (tcn2): TcnBlock(
            (conv): Conv2d(64, 64, kernel_size=(3, 3), stride=(1, 1), padding=(1, 2))
            (chomp): Chomp()
            (drop): Dropout(p=0.0, inplace=False)
            (net): Sequential(
              (0): Conv2d(64, 64, kernel_size=(3, 3), stride=(1, 1), padding=(1, 2))
              (1): Chomp()
              (2): Dropout(p=0.0, inplace=False)
            )
          )
          (shortcut): Identity()
          (t_conv): Conv2d(32, 64, kernel_size=(1, 1), stride=(1, 1))
          (spatial): SpatialBlock()
          (norm): LayerNorm((19, 64), eps=1e-05, elementwise_affine=True)
        )
      )
    )
    (middle): MiddleBlock(
      (res1): ResidualBlock(
        (tcn1): TcnBlock(
          (conv): Conv2d(64, 64, kernel_size=(3, 3), stride=(1, 1), padding=(1, 2))
          (chomp): Chomp()
          (drop): Dropout(p=0.0, inplace=False)
          (net): Sequential(
            (0): Conv2d(64, 64, kernel_size=(3, 3), stride=(1, 1), padding=(1, 2))
            (1): Chomp()
            (2): Dropout(p=0.0, inplace=False)
          )
        )
        (tcn2): TcnBlock(
          (conv): Conv2d(64, 64, kernel_size=(3, 3), stride=(1, 1), padding=(1, 2))
          (chomp): Chomp()
          (drop): Dropout(p=0.0, inplace=False)
          (net): Sequential(
            (0): Conv2d(64, 64, kernel_size=(3, 3), stride=(1, 1), padding=(1, 2))
            (1): Chomp()
            (2): Dropout(p=0.0, inplace=False)
          )
        )
        (shortcut): Identity()
        (t_conv): Conv2d(32, 64, kernel_size=(1, 1), stride=(1, 1))
        (spatial): SpatialBlock()
        (norm): LayerNorm((19, 64), eps=1e-05, elementwise_affine=True)
      )
      (res2): ResidualBlock(
        (tcn1): TcnBlock(
          (conv): Conv2d(64, 64, kernel_size=(3, 3), stride=(1, 1), padding=(1, 2))
          (chomp): Chomp()
          (drop): Dropout(p=0.0, inplace=False)
          (net): Sequential(
            (0): Conv2d(64, 64, kernel_size=(3, 3), stride=(1, 1), padding=(1, 2))
            (1): Chomp()
            (2): Dropout(p=0.0, inplace=False)
          )
        )
        (tcn2): TcnBlock(
          (conv): Conv2d(64, 64, kernel_size=(3, 3), stride=(1, 1), padding=(1, 2))
          (chomp): Chomp()
          (drop): Dropout(p=0.0, inplace=False)
          (net): Sequential(
            (0): Conv2d(64, 64, kernel_size=(3, 3), stride=(1, 1), padding=(1, 2))
            (1): Chomp()
            (2): Dropout(p=0.0, inplace=False)
          )
        )
        (shortcut): Identity()
        (t_conv): Conv2d(32, 64, kernel_size=(1, 1), stride=(1, 1))
        (spatial): SpatialBlock()
        (norm): LayerNorm((19, 64), eps=1e-05, elementwise_affine=True)
      )
    )
    (up): ModuleList(
      (0-1): 2 x UpBlock(
        (res): ResidualBlock(
          (tcn1): TcnBlock(
            (conv): Conv2d(128, 64, kernel_size=(3, 3), stride=(1, 1), padding=(1, 2))
            (chomp): Chomp()
            (drop): Dropout(p=0.0, inplace=False)
            (net): Sequential(
              (0): Conv2d(128, 64, kernel_size=(3, 3), stride=(1, 1), padding=(1, 2))
              (1): Chomp()
              (2): Dropout(p=0.0, inplace=False)
            )
            (shortcut): Conv2d(128, 64, kernel_size=(1, 1), stride=(1, 1))
          )
          (tcn2): TcnBlock(
            (conv): Conv2d(64, 64, kernel_size=(3, 3), stride=(1, 1), padding=(1, 2))
            (chomp): Chomp()
            (drop): Dropout(p=0.0, inplace=False)
            (net): Sequential(
              (0): Conv2d(64, 64, kernel_size=(3, 3), stride=(1, 1), padding=(1, 2))
              (1): Chomp()
              (2): Dropout(p=0.0, inplace=False)
            )
          )
          (shortcut): Conv2d(128, 64, kernel_size=(1, 1), stride=(1, 1))
          (t_conv): Conv2d(32, 64, kernel_size=(1, 1), stride=(1, 1))
          (spatial): SpatialBlock()
          (norm): LayerNorm((19, 64), eps=1e-05, elementwise_affine=True)
        )
      )
      (2): UpBlock(
        (res): ResidualBlock(
          (tcn1): TcnBlock(
            (conv): Conv2d(96, 32, kernel_size=(3, 3), stride=(1, 1), padding=(1, 2))
            (chomp): Chomp()
            (drop): Dropout(p=0.0, inplace=False)
            (net): Sequential(
              (0): Conv2d(96, 32, kernel_size=(3, 3), stride=(1, 1), padding=(1, 2))
              (1): Chomp()
              (2): Dropout(p=0.0, inplace=False)
            )
            (shortcut): Conv2d(96, 32, kernel_size=(1, 1), stride=(1, 1))
          )
          (tcn2): TcnBlock(
            (conv): Conv2d(32, 32, kernel_size=(3, 3), stride=(1, 1), padding=(1, 2))
            (chomp): Chomp()
            (drop): Dropout(p=0.0, inplace=False)
            (net): Sequential(
              (0): Conv2d(32, 32, kernel_size=(3, 3), stride=(1, 1), padding=(1, 2))
              (1): Chomp()
              (2): Dropout(p=0.0, inplace=False)
            )
          )
          (shortcut): Conv2d(96, 32, kernel_size=(1, 1), stride=(1, 1))
          (t_conv): Conv2d(32, 32, kernel_size=(1, 1), stride=(1, 1))
          (spatial): SpatialBlock()
          (norm): LayerNorm((19, 32), eps=1e-05, elementwise_affine=True)
        )
      )
      (3): Upsample(
        (conv): ConvTranspose2d(32, 32, kernel_size=(1, 4), stride=(1, 2), padding=(0, 1))
      )
      (4-6): 3 x UpBlock(
        (res): ResidualBlock(
          (tcn1): TcnBlock(
            (conv): Conv2d(64, 32, kernel_size=(3, 3), stride=(1, 1), padding=(1, 2))
            (chomp): Chomp()
            (drop): Dropout(p=0.0, inplace=False)
            (net): Sequential(
              (0): Conv2d(64, 32, kernel_size=(3, 3), stride=(1, 1), padding=(1, 2))
              (1): Chomp()
              (2): Dropout(p=0.0, inplace=False)
            )
            (shortcut): Conv2d(64, 32, kernel_size=(1, 1), stride=(1, 1))
          )
          (tcn2): TcnBlock(
            (conv): Conv2d(32, 32, kernel_size=(3, 3), stride=(1, 1), padding=(1, 2))
            (chomp): Chomp()
            (drop): Dropout(p=0.0, inplace=False)
            (net): Sequential(
              (0): Conv2d(32, 32, kernel_size=(3, 3), stride=(1, 1), padding=(1, 2))
              (1): Chomp()
              (2): Dropout(p=0.0, inplace=False)
            )
          )
          (shortcut): Conv2d(64, 32, kernel_size=(1, 1), stride=(1, 1))
          (t_conv): Conv2d(32, 32, kernel_size=(1, 1), stride=(1, 1))
          (spatial): SpatialBlock()
          (norm): LayerNorm((19, 32), eps=1e-05, elementwise_affine=True)
        )
      )
    )
    (x_proj): Conv2d(1, 32, kernel_size=(1, 1), stride=(1, 1))
    (out): Sequential(
      (0): Conv2d(32, 1, kernel_size=(1, 1), stride=(1, 1))
      (1): Linear(in_features=48, out_features=24, bias=True)
    )
  )
)Num_of_parameters:822841
      |---Train--- |---Val Future-- -|-----Val History----|
Epoch | Loss  Time | MAE     RMSE    |  MAE    RMSE   Time|
   0.4| 13.601 1.8s |[350.63 528.20 ] | 357.73 550.80 32.29s
   1.4| 10.122 1.7s | 360.76 541.65  | 312.67 487.88 37.24s
predict_path = 'E:\SEM-9\Minor Project\DiffSTG/output/forecast/UGnet+32+200+quad+0.1+200+ddpm+12+8+True+PM25+0.0+True+False+0.002+16.pkl'
 |[36.87  46.26  ] | 41.83  53.58  75.45s
sample_strategy:ddim_multi, sample_steps:40 Final results in test:36.87  46.26  39.10  0.35    270.48  | 3    
